<?xml version="1.0" encoding="UTF-8"?>
<!-- Generated by org.testng.reporters.JUnitReportReporter -->
<testsuite hostname="DESKTOP-63FL533" failures="0" tests="1" name="homepageflowerstest.HomePageTest" time="8.825" errors="0" timestamp="2022-12-23T19:44:15 EST" skipped="0">
  <testcase classname="homepageflowerstest.HomePageTest" name="clickOnFlowersTest" time="8.825"/>
  <system-out/>
</testsuite> <!-- homepageflowerstest.HomePageTest -->
