<?xml version="1.0" encoding="UTF-8"?>
<!-- Generated by org.testng.reporters.JUnitReportReporter -->
<testsuite skipped="0" hostname="IshraBushra" name="homepageflowerstest.HomePageTest" tests="1" failures="0" timestamp="2023-01-02T21:03:12 CST" time="6.244" errors="0">
  <testcase name="clickOnFlowersTest" time="6.244" classname="homepageflowerstest.HomePageTest"/>
  <system-out/>
</testsuite> <!-- homepageflowerstest.HomePageTest -->
