<?xml version="1.0" encoding="UTF-8"?>
<!-- Generated by org.testng.reporters.JUnitReportReporter -->
<testsuite skipped="0" hostname="Emdads-MacBook-Pro.local" name="homepageflowerstest.HomePageTest" tests="1" failures="0" timestamp="2023-01-02T21:39:16 EST" time="12.627" errors="0">
  <testcase name="clickOnFlowersTest" time="12.627" classname="homepageflowerstest.HomePageTest"/>
  <system-out/>
</testsuite> <!-- homepageflowerstest.HomePageTest -->
